#
# A fatal error has been detected by the Java Runtime Environment:
#
#  EXCEPTION_ACCESS_VIOLATION (0xc0000005) at pc=0x6daa2503, pid=3572, tid=5804
#
# JRE version: 6.0_21-b07
# Java VM: Java HotSpot(TM) Client VM (17.0-b17 mixed mode windows-x86 )
# Problematic frame:
# V  [jvm.dll+0x1f2503]
#
# If you would like to submit a bug report, please visit:
#   http://java.sun.com/webapps/bugreport/crash.jsp
#

---------------  T H R E A D  ---------------

Current thread (0x01a18000):  JavaThread "JDWP Transport Listener: dt_socket" daemon [_thread_in_vm, id=5804, stack(0x17f10000,0x17f60000)]

siginfo: ExceptionCode=0xc0000005, reading address 0x0000000c

Registers:
EAX=0x00000000, EBX=0x6d44e124, ECX=0x0000000c, EDX=0x00000000
ESP=0x17f5fc18, EBP=0x17f5fc20, ESI=0x0000000c, EDI=0x0000003f
EIP=0x6daa2503, EFLAGS=0x00010206

Top of Stack: (sp=0x17f5fc18)
0x17f5fc18:   01a17c98 0000003f 17f5fc38 6daa2542
0x17f5fc28:   0000000c 0000003f 6d44e10c 01a17c98
0x17f5fc38:   17f5fc48 6d9a6de0 0000000c 0000003f
0x17f5fc48:   17f5fc80 6d9b5607 03b5cdd8 6d44e10c
0x17f5fc58:   01a18118 6d44e124 00000004 01a0d248
0x17f5fc68:   01a0d250 01a0d63c 01a18000 00000000
0x17f5fc78:   01a18118 17f5fe54 6d44e94c 6d4362bd
0x17f5fc88:   01a18000 01a0d798 00000000 17f5fcb8 

Instructions: (pc=0x6daa2503)
0x6daa24f3:   57 8b 7d 0c 33 c0 33 d2 85 ff 7e 2c 56 8b 75 08
0x6daa2503:   66 8b 0c 56 66 83 f9 01 72 09 66 83 f9 7f 77 03 


Stack: [0x17f10000,0x17f60000],  sp=0x17f5fc18,  free space=13f17f5f74ck
Native frames: (J=compiled Java code, j=interpreted, Vv=VM code, C=native code)
V  [jvm.dll+0x1f2503]
V  [jvm.dll+0x1f2542]
V  [jvm.dll+0xf6de0]
V  [jvm.dll+0x105607]


---------------  P R O C E S S  ---------------

Java Threads: ( => current thread )
  0x01a32000 JavaThread "Low Memory Detector" daemon [_thread_blocked, id=4524, stack(0x180a0000,0x180f0000)]
  0x01a2f000 JavaThread "CompilerThread0" daemon [_thread_blocked, id=3744, stack(0x18010000,0x18060000)]
  0x01a1c000 JavaThread "JDWP Command Reader" daemon [_thread_in_native, id=4236, stack(0x17fc0000,0x18010000)]
  0x01a1b000 JavaThread "JDWP Event Helper Thread" daemon [_thread_blocked, id=4612, stack(0x17f60000,0x17fb0000)]
=>0x01a18000 JavaThread "JDWP Transport Listener: dt_socket" daemon [_thread_in_vm, id=5804, stack(0x17f10000,0x17f60000)]
  0x01a0b400 JavaThread "Attach Listener" daemon [_thread_blocked, id=5180, stack(0x17d20000,0x17d70000)]
  0x01a08400 JavaThread "Signal Dispatcher" daemon [_thread_blocked, id=4356, stack(0x17cd0000,0x17d20000)]
  0x019df000 JavaThread "Finalizer" daemon [_thread_blocked, id=820, stack(0x17c80000,0x17cd0000)]
  0x019da400 JavaThread "Reference Handler" daemon [_thread_blocked, id=4048, stack(0x17c30000,0x17c80000)]
  0x003a9400 JavaThread "main" [_thread_blocked, id=5420, stack(0x002a0000,0x002f0000)]

Other Threads:
  0x019d7400 VMThread [stack: 0x17be0000,0x17c30000] [id=3696]
  0x01a3d400 WatcherThread [stack: 0x18170000,0x181c0000] [id=4152]

VM state:not at safepoint (normal execution)

VM Mutex/Monitor currently owned by a thread: None

Heap
 def new generation   total 4928K, used 281K [0x03b30000, 0x04080000, 0x09080000)
  eden space 4416K,   6% used [0x03b30000, 0x03b76460, 0x03f80000)
  from space 512K,   0% used [0x03f80000, 0x03f80000, 0x04000000)
  to   space 512K,   0% used [0x04000000, 0x04000000, 0x04080000)
 tenured generation   total 10944K, used 0K [0x09080000, 0x09b30000, 0x13b30000)
   the space 10944K,   0% used [0x09080000, 0x09080000, 0x09080200, 0x09b30000)
 compacting perm gen  total 12288K, used 1595K [0x13b30000, 0x14730000, 0x17b30000)
   the space 12288K,  12% used [0x13b30000, 0x13cbed30, 0x13cbee00, 0x14730000)
No shared spaces configured.

Dynamic libraries:
0x00400000 - 0x00424000 	C:\jdk1.6.0_21\bin\javaw.exe
0x774e0000 - 0x77608000 	C:\Windows\system32\ntdll.dll
0x77150000 - 0x7722c000 	C:\Windows\system32\kernel32.dll
0x77670000 - 0x77736000 	C:\Windows\system32\ADVAPI32.dll
0x77410000 - 0x774d3000 	C:\Windows\system32\RPCRT4.dll
0x75d30000 - 0x75dcd000 	C:\Windows\system32\USER32.dll
0x772e0000 - 0x7732b000 	C:\Windows\system32\GDI32.dll
0x77650000 - 0x7766e000 	C:\Windows\system32\IMM32.DLL
0x75ee0000 - 0x75fa8000 	C:\Windows\system32\MSCTF.dll
0x77230000 - 0x772da000 	C:\Windows\system32\msvcrt.dll
0x77640000 - 0x77649000 	C:\Windows\system32\LPK.DLL
0x76f40000 - 0x76fbd000 	C:\Windows\system32\USP10.dll
0x6c1b0000 - 0x6c1b5000 	C:\Windows\system32\avgrsstx.dll
0x7c340000 - 0x7c396000 	C:\jdk1.6.0_21\jre\bin\msvcr71.dll
0x6d8b0000 - 0x6db57000 	C:\jdk1.6.0_21\jre\bin\client\jvm.dll
0x74400000 - 0x74432000 	C:\Windows\system32\WINMM.dll
0x76dc0000 - 0x76f05000 	C:\Windows\system32\ole32.dll
0x75dd0000 - 0x75e5d000 	C:\Windows\system32\OLEAUT32.dll
0x743c0000 - 0x743fe000 	C:\Windows\system32\OLEACC.dll
0x75b70000 - 0x75b9c000 	C:\Windows\system32\apphelp.dll
0x6d860000 - 0x6d86c000 	C:\jdk1.6.0_21\jre\bin\verify.dll
0x6d3e0000 - 0x6d3ff000 	C:\jdk1.6.0_21\jre\bin\java.dll
0x6d340000 - 0x6d348000 	C:\jdk1.6.0_21\jre\bin\hpi.dll
0x77610000 - 0x77617000 	C:\Windows\system32\PSAPI.DLL
0x6d430000 - 0x6d459000 	C:\jdk1.6.0_21\jre\bin\jdwp.dll
0x6d750000 - 0x6d756000 	C:\jdk1.6.0_21\jre\bin\npt.dll
0x6d8a0000 - 0x6d8af000 	C:\jdk1.6.0_21\jre\bin\zip.dll
0x6d2b0000 - 0x6d2b7000 	C:\jdk1.6.0_21\jre\bin\dt_socket.dll
0x76f10000 - 0x76f3d000 	C:\Windows\system32\WS2_32.dll
0x77630000 - 0x77636000 	C:\Windows\system32\NSI.dll
0x74b90000 - 0x74b9f000 	C:\Windows\system32\NLAapi.dll
0x75530000 - 0x75549000 	C:\Windows\system32\IPHLPAPI.DLL
0x754f0000 - 0x75525000 	C:\Windows\system32\dhcpcsvc.DLL
0x75770000 - 0x7579c000 	C:\Windows\system32\DNSAPI.dll
0x75bd0000 - 0x75be4000 	C:\Windows\system32\Secur32.dll
0x754e0000 - 0x754e7000 	C:\Windows\system32\WINNSI.DLL
0x754b0000 - 0x754d2000 	C:\Windows\system32\dhcpcsvc6.DLL
0x728c0000 - 0x728cf000 	C:\Windows\system32\napinsp.dll
0x72880000 - 0x72892000 	C:\Windows\system32\pnrpnsp.dll
0x752f0000 - 0x7532b000 	C:\Windows\System32\mswsock.dll
0x728b0000 - 0x728b8000 	C:\Windows\System32\winrnr.dll
0x77330000 - 0x77379000 	C:\Windows\system32\WLDAP32.dll
0x72820000 - 0x72845000 	C:\Program Files\Bonjour\mdnsNSP.dll
0x728a0000 - 0x728ac000 	C:\Windows\system32\wshbth.dll
0x76fc0000 - 0x7714a000 	C:\Windows\system32\SETUPAPI.dll
0x72850000 - 0x72856000 	C:\Windows\system32\rasadhlp.dll
0x74f80000 - 0x74f85000 	C:\Windows\System32\wshtcpip.dll

VM Arguments:
jvm_args: -agentlib:jdwp=transport=dt_socket,suspend=y,address=localhost:55850 -Dfile.encoding=Cp1252 
java_command: com.sample.assign1_collections.assign3_Sets_EmployeeSubclass
Launcher Type: SUN_STANDARD

Environment Variables:
JAVA_HOME=C:\jdk1.6.0_21
PATH=C:\jdk1.6.0_21\jre\bin;C:/jdk1.6.0_21/bin/../jre/bin/client;C:/jdk1.6.0_21/bin/../jre/bin;C:\jdk1.6.0_21\bin;C:\Windows\system32;C:\Windows;C:\Windows\System32\Wbem; C:\Program Files\Java\jakarta-jmeter-2.3.4\bin;C:\Program Files\Common Files\Roxio Shared\DLLShared\;C:\Program Files\Common Files\Roxio Shared\DLLShared\;C:\Program Files\Common Files\Roxio Shared\9.0\DLLShared\;C:\Program Files\TortoiseSVN\bin;C:\Program Files\Google\Google Apps Sync\;C:\cygwin\usr\local\apache-maven-2.2.1\bin;C:\Program Files\MySQL\MySQL Server 5.1\bin;C:\Windows\System32\WindowsPowerShell\v1.0\;C:\androidSDK\android-sdk-windows\tools
USERNAME=Mamatha Kamtam
OS=Windows_NT
PROCESSOR_IDENTIFIER=x86 Family 6 Model 15 Stepping 11, GenuineIntel



---------------  S Y S T E M  ---------------

OS: Windows Vista Build 6002 Service Pack 2

CPU:total 2 (2 cores per cpu, 1 threads per core) family 6 model 15 stepping 11, cmov, cx8, fxsr, mmx, sse, sse2, sse3, ssse3

Memory: 4k page, physical 3658804k(1407080k free), swap 7523408k(4993176k free)

vm_info: Java HotSpot(TM) Client VM (17.0-b17) for windows-x86 JRE (1.6.0_21-b07), built on Jul 17 2010 01:10:15 by "java_re" with MS VC++ 7.1 (VS2003)

time: Sun Feb 26 18:22:59 2012
elapsed time: 306 seconds

